<?xml version="1.0" encoding="UTF-8"?>
<!-- Generated by org.testng.reporters.JUnitXMLReporter -->
<testsuite ignored="1" hostname="DESKTOP-08AFAVP" failures="0" tests="2" name="HerokuappTests" time="31.829" errors="0" timestamp="2023-02-22T12:06:20 IST">
  <testcase classname="testCheckTitle" name="checkTitle" time="0.099"/>
  <testcase classname="testHerokuappLoginPage" name="PasswordFieldCheck" time="1.05"/>
  <testcase classname="testHerokuappLoginPage" name="LinkCheck" time="0.0">
    <ignored/>
  </testcase> <!-- LinkCheck -->
</testsuite> <!-- HerokuappTests -->
