<?xml version="1.0" encoding="UTF-8"?>
<testng-results ignored="0" total="1" passed="1" failed="0" skipped="0">
  <reporter-output>
  </reporter-output>
  <suite started-at="2023-02-23T10:44:37 IST" name="Default suite" finished-at="2023-02-23T10:44:45 IST" duration-ms="7781">
    <groups>
    </groups>
    <test started-at="2023-02-23T10:44:37 IST" name="Default test" finished-at="2023-02-23T10:44:45 IST" duration-ms="7781">
      <class name="testLinks">
        <test-method is-config="true" signature="init()[pri:0, instance:testLinks@223d2c72]" started-at="2023-02-23T10:44:37 IST" name="init" finished-at="2023-02-23T10:44:43 IST" duration-ms="5480" status="PASS">
          <reporter-output>
          </reporter-output>
        </test-method> <!-- init -->
        <test-method signature="checkBrokenLinks()[pri:0, instance:testLinks@223d2c72]" started-at="2023-02-23T10:44:43 IST" name="checkBrokenLinks" finished-at="2023-02-23T10:44:44 IST" duration-ms="971" status="PASS">
          <reporter-output>
          </reporter-output>
        </test-method> <!-- checkBrokenLinks -->
        <test-method is-config="true" signature="close()[pri:0, instance:testLinks@223d2c72]" started-at="2023-02-23T10:44:44 IST" name="close" finished-at="2023-02-23T10:44:45 IST" duration-ms="1240" status="PASS">
          <reporter-output>
          </reporter-output>
        </test-method> <!-- close -->
      </class> <!-- testLinks -->
    </test> <!-- Default test -->
  </suite> <!-- Default suite -->
</testng-results>
