<?xml version="1.0" encoding="UTF-8"?>
<!-- Generated by org.testng.reporters.JUnitXMLReporter -->
<testsuite ignored="1" hostname="DESKTOP-08AFAVP" failures="0" tests="2" name="Regression25Feb2023" time="0.132" errors="0" timestamp="2023-02-23T10:11:11 IST">
  <testcase classname="groupTest" name="testMethod1" time="0.029"/>
  <testcase classname="groupTest" name="testMethod2" time="0.002"/>
  <testcase classname="groupTest" name="testMethod3" time="0.0">
    <ignored/>
  </testcase> <!-- testMethod3 -->
</testsuite> <!-- Regression25Feb2023 -->
