<?xml version="1.0" encoding="UTF-8"?>
<!-- Generated by org.testng.reporters.JUnitXMLReporter -->
<testsuite ignored="2" hostname="DESKTOP-08AFAVP" failures="0" tests="1" name="SmokeTests2023" time="0.014" errors="0" timestamp="2023-02-23T10:00:21 IST">
  <testcase classname="groupTest" name="testMethod3" time="0.003"/>
  <testcase classname="groupTest" name="testMethod2" time="0.0">
    <ignored/>
  </testcase> <!-- testMethod2 -->
  <testcase classname="groupTest" name="testMethod1" time="0.0">
    <ignored/>
  </testcase> <!-- testMethod1 -->
</testsuite> <!-- SmokeTests2023 -->
